<?xml version="1.0" encoding="UTF-8"?>
<!-- Generated by org.testng.reporters.JUnitReportReporter -->
<testsuite skipped="0" hostname="DESKTOP-MN530HT" name="org.testingconcept.TestNgOrders" tests="3" failures="0" timestamp="10 Jun 2022 12:27:57 GMT" time="0.016" errors="0">
  <testcase name="tc2" time="0.000" classname="org.testingconcept.TestNgOrders"/>
  <testcase name="tc3" time="0.016" classname="org.testingconcept.TestNgOrders"/>
  <testcase name="tc1" time="0.000" classname="org.testingconcept.TestNgOrders"/>
</testsuite> <!-- org.testingconcept.TestNgOrders -->
